SF:lib/screens/authenticate/authentication.dart
DA:11,2
DA:13,1
DA:14,1
DA:20,1
DA:22,1
DA:25,1
DA:27,1
DA:28,0
DA:29,0
DA:31,1
DA:32,2
DA:33,2
DA:34,1
DA:36,1
DA:37,1
DA:38,1
DA:39,1
DA:40,1
DA:41,1
DA:43,1
DA:45,2
DA:46,3
DA:48,1
DA:49,1
DA:50,1
DA:52,3
DA:56,1
DA:58,1
DA:65,1
DA:67,1
DA:68,1
DA:71,3
DA:75,1
DA:76,3
DA:78,2
DA:80,3
LF:36
LH:34
end_of_record
SF:lib/main.dart
DA:9,1
DA:10,1
DA:11,1
DA:12,3
DA:13,2
DA:15,2
DA:16,1
DA:17,2
DA:25,2
DA:28,1
DA:30,1
DA:33,1
LF:12
LH:12
end_of_record
SF:lib/controller/authenticate/authenticate_controller.dart
DA:11,1
DA:12,1
DA:14,1
DA:15,1
DA:24,1
DA:26,1
DA:27,1
DA:29,0
DA:31,0
DA:35,0
DA:36,0
DA:37,0
DA:38,0
DA:39,0
DA:41,0
DA:42,0
DA:44,0
DA:46,0
DA:47,0
DA:48,0
DA:53,0
DA:55,0
DA:59,0
DA:60,0
DA:61,0
DA:62,0
DA:63,0
DA:64,0
DA:66,0
DA:68,0
DA:70,0
DA:71,0
DA:72,0
LF:33
LH:7
end_of_record
SF:lib/data/user/user_data.dart
DA:12,3
DA:14,1
DA:16,1
DA:17,1
DA:20,0
DA:22,0
DA:25,0
DA:26,0
DA:28,0
DA:30,0
DA:39,0
LF:11
LH:4
end_of_record
SF:lib/repositories/authenticate/auth_repository.dart
DA:12,0
DA:15,0
DA:16,0
DA:19,0
DA:22,0
DA:23,0
LF:6
LH:0
end_of_record
SF:lib/resource/constants.dart
DA:6,3
DA:7,3
DA:8,0
LF:3
LH:2
end_of_record
SF:lib/resource/shared_pref.dart
DA:21,1
DA:23,3
DA:25,0
DA:28,1
DA:30,2
DA:33,0
DA:36,0
DA:40,0
DA:42,0
DA:46,0
DA:48,0
DA:51,1
DA:53,2
DA:56,0
DA:58,0
DA:61,0
DA:63,0
LF:17
LH:6
end_of_record
SF:lib/controller/explore/explore_controller.dart
DA:27,0
DA:28,0
DA:30,0
DA:31,0
DA:33,0
DA:34,0
DA:41,0
DA:43,0
DA:44,0
DA:45,0
DA:46,0
DA:47,0
DA:48,0
DA:50,0
DA:54,0
DA:56,0
DA:57,0
DA:60,0
DA:63,0
DA:64,0
DA:72,0
DA:77,0
DA:78,0
DA:79,0
DA:80,0
DA:82,0
DA:83,0
DA:86,0
DA:87,0
DA:88,0
DA:90,0
LF:31
LH:0
end_of_record
SF:lib/data/explore/songs.dart
DA:6,0
DA:12,0
DA:13,0
DA:14,0
DA:15,0
DA:24,0
DA:30,0
DA:31,0
DA:32,0
DA:33,0
LF:10
LH:0
end_of_record
SF:lib/repositories/explore_songs/explore_song_repo.dart
DA:25,0
DA:27,0
DA:29,0
DA:33,0
DA:36,0
DA:37,0
DA:38,0
DA:39,0
DA:40,0
DA:41,0
DA:43,0
DA:44,0
DA:46,0
DA:50,0
DA:51,0
DA:54,0
DA:58,0
DA:59,0
DA:60,0
DA:61,0
DA:63,0
DA:64,0
DA:69,0
DA:70,0
DA:71,0
DA:72,0
DA:75,0
DA:79,0
DA:80,0
DA:81,0
DA:82,0
DA:84,0
DA:85,0
DA:90,0
DA:93,0
LF:35
LH:0
end_of_record
SF:lib/controller/song_detail_controller.dart
DA:42,0
DA:46,0
DA:48,0
DA:51,0
DA:53,0
DA:54,0
DA:57,0
DA:59,0
DA:60,0
DA:61,0
DA:64,0
DA:66,0
DA:67,0
DA:68,0
DA:71,0
DA:73,0
DA:74,0
DA:75,0
DA:76,0
DA:77,0
DA:78,0
DA:80,0
DA:81,0
DA:86,0
DA:88,0
DA:89,0
DA:92,0
DA:93,0
DA:95,0
DA:96,0
DA:98,0
DA:99,0
DA:101,0
DA:102,0
LF:34
LH:0
end_of_record
SF:lib/screens/songs/explore_songs.dart
DA:14,2
DA:16,0
DA:17,0
DA:24,0
DA:26,0
DA:27,0
DA:30,0
DA:32,0
DA:35,0
DA:37,0
DA:39,0
DA:40,0
DA:41,0
DA:42,0
DA:43,0
DA:45,0
DA:46,0
DA:47,0
DA:48,0
DA:50,0
DA:51,0
DA:52,0
DA:54,0
DA:57,0
DA:58,0
DA:60,0
DA:62,0
DA:64,0
DA:65,0
DA:66,0
DA:67,0
DA:69,0
DA:73,0
DA:74,0
DA:75,0
DA:76,0
DA:77,0
DA:79,0
DA:80,0
DA:81,0
DA:83,0
DA:85,0
DA:88,0
DA:91,0
DA:92,0
DA:93,0
DA:94,0
DA:95,0
DA:96,0
DA:97,0
DA:98,0
DA:99,0
DA:100,0
DA:104,0
DA:105,0
DA:107,0
DA:108,0
DA:109,0
DA:110,0
DA:111,0
DA:112,0
DA:114,0
DA:115,0
DA:116,0
DA:117,0
DA:120,0
DA:121,0
DA:122,0
DA:123,0
DA:131,0
DA:135,0
DA:137,0
DA:138,0
DA:140,0
DA:141,0
DA:142,0
DA:143,0
DA:144,0
DA:145,0
DA:147,0
DA:149,0
DA:151,0
DA:152,0
DA:153,0
DA:154,0
DA:155,0
DA:156,0
DA:180,0
DA:189,0
DA:190,0
DA:191,0
DA:192,0
DA:193,0
DA:194,0
DA:195,0
DA:201,0
DA:202,0
DA:203,0
DA:204,0
DA:206,0
DA:209,0
DA:210,0
DA:215,0
DA:216,0
DA:217,0
DA:234,0
DA:235,0
DA:236,0
DA:237,0
DA:238,0
DA:239,0
DA:241,0
DA:242,0
DA:246,0
DA:250,0
DA:251,0
DA:254,0
DA:256,0
LF:118
LH:1
end_of_record
SF:lib/utilities/theme/theme_colors.dart
DA:4,1
DA:6,3
DA:8,1
DA:9,1
DA:40,1
DA:43,1
DA:46,0
DA:49,1
DA:52,0
DA:55,0
DA:58,0
DA:61,1
DA:64,1
DA:73,0
DA:76,0
DA:79,0
DA:82,0
DA:85,0
DA:88,0
DA:91,0
DA:94,0
DA:97,0
LF:22
LH:9
end_of_record
SF:lib/screens/authenticate/login_card.dart
DA:14,2
DA:16,1
DA:17,1
DA:31,1
DA:34,3
DA:37,3
DA:38,1
DA:40,1
DA:43,1
DA:44,3
DA:45,0
DA:46,0
DA:48,0
DA:53,1
DA:55,1
DA:56,1
DA:57,1
DA:61,1
DA:62,1
DA:63,1
DA:66,1
DA:67,1
DA:68,1
DA:70,1
DA:71,1
DA:74,2
DA:76,1
DA:77,3
DA:78,3
DA:81,1
DA:82,4
DA:92,1
DA:94,1
DA:96,1
DA:97,1
DA:101,2
DA:103,1
DA:104,3
DA:105,3
DA:107,1
DA:108,4
DA:123,1
DA:125,1
DA:127,1
DA:128,3
DA:129,1
DA:130,1
DA:132,1
DA:134,2
DA:135,3
DA:138,1
DA:140,1
DA:142,2
DA:143,3
DA:146,0
DA:147,0
DA:148,0
DA:150,0
DA:152,0
DA:153,0
DA:158,1
DA:162,1
DA:164,1
DA:165,4
DA:166,0
DA:167,0
DA:168,0
DA:170,0
DA:171,0
DA:174,0
DA:175,0
DA:176,0
DA:177,0
DA:179,0
DA:180,0
DA:181,0
DA:184,0
DA:187,1
DA:188,2
DA:191,2
DA:193,1
DA:194,3
DA:201,0
DA:202,0
LF:84
LH:60
end_of_record
SF:lib/utilities/widgets/base_widget.dart
DA:11,1
DA:16,1
DA:18,1
DA:19,1
DA:23,1
DA:25,1
DA:26,1
DA:28,5
DA:29,1
DA:30,1
DA:31,1
DA:33,1
DA:34,0
DA:35,0
DA:36,0
DA:38,0
DA:40,0
DA:42,3
DA:47,2
LF:19
LH:14
end_of_record
SF:lib/utilities/widgets/toggle_button.dart
DA:13,1
DA:21,1
DA:23,1
DA:24,1
DA:31,1
DA:33,1
DA:34,3
DA:37,1
DA:39,1
DA:40,0
DA:41,0
DA:42,0
DA:43,0
DA:45,0
DA:48,0
DA:50,1
DA:53,1
DA:54,2
DA:56,3
DA:57,1
DA:58,1
DA:59,3
DA:65,1
DA:67,1
DA:68,1
DA:69,1
DA:71,2
DA:74,1
DA:76,1
DA:77,2
DA:78,2
DA:87,1
DA:90,7
LF:33
LH:27
end_of_record
SF:lib/utilities/widgets/button_loader.dart
DA:71,1
DA:72,5
DA:76,1
DA:101,1
DA:103,1
DA:104,1
DA:120,1
DA:122,1
DA:124,1
DA:126,1
DA:127,3
DA:129,5
DA:131,2
DA:132,2
DA:133,3
DA:134,0
DA:135,0
DA:136,0
DA:141,1
DA:143,1
DA:144,2
DA:146,5
DA:148,2
DA:149,2
DA:150,3
DA:151,0
DA:152,0
DA:153,0
DA:158,1
DA:159,2
DA:160,2
DA:161,1
DA:162,3
DA:163,2
DA:167,1
DA:168,1
DA:169,1
DA:170,1
DA:172,4
DA:177,1
DA:178,3
DA:179,2
DA:181,1
DA:182,1
DA:183,2
DA:184,5
DA:185,1
DA:186,3
DA:188,2
DA:189,2
DA:192,3
DA:197,1
DA:198,2
DA:199,1
DA:200,3
DA:202,3
DA:209,1
DA:211,1
DA:213,1
DA:214,3
DA:216,1
DA:217,3
DA:219,1
DA:220,3
DA:222,5
DA:223,1
DA:224,1
DA:225,2
DA:228,2
DA:229,0
DA:232,1
DA:233,6
DA:234,4
DA:237,3
DA:238,2
DA:241,3
DA:242,1
DA:243,0
DA:244,0
DA:249,2
DA:250,3
DA:251,3
DA:252,2
DA:254,3
DA:255,2
DA:259,4
DA:260,1
DA:261,5
DA:264,8
DA:267,0
DA:269,0
DA:270,0
DA:271,0
DA:272,0
DA:273,0
DA:276,1
DA:277,2
DA:278,1
DA:280,0
DA:281,0
DA:286,1
DA:287,1
DA:288,3
DA:289,2
DA:290,2
DA:291,2
DA:294,0
DA:295,0
DA:296,0
DA:297,0
DA:298,0
DA:301,0
DA:302,0
DA:303,0
DA:304,0
DA:307,0
DA:308,0
DA:309,0
DA:310,0
DA:313,0
DA:314,0
DA:315,0
DA:316,0
DA:317,0
DA:318,0
DA:319,0
DA:332,1
DA:339,1
DA:340,1
DA:341,1
DA:342,1
DA:343,1
DA:350,0
DA:353,0
DA:356,0
DA:357,0
DA:361,0
DA:362,0
DA:366,0
DA:367,0
DA:371,0
DA:372,0
DA:376,0
DA:377,0
LF:144
LH:95
end_of_record
SF:lib/screens/song_detail/music_player.dart
DA:11,0
DA:13,0
DA:14,0
DA:18,0
DA:20,0
DA:21,0
DA:24,0
DA:26,0
DA:27,0
DA:30,0
DA:32,0
DA:35,0
DA:36,0
DA:38,0
DA:39,0
DA:41,0
DA:42,0
DA:46,0
DA:47,0
DA:48,0
DA:50,0
DA:51,0
DA:52,0
DA:53,0
DA:55,0
DA:58,0
DA:61,0
DA:64,0
DA:65,0
DA:67,0
DA:68,0
DA:69,0
DA:73,0
LF:33
LH:0
end_of_record
SF:lib/screens/song_detail/song_detail.dart
DA:11,0
DA:12,0
DA:14,0
DA:15,0
DA:20,0
DA:22,0
DA:25,0
DA:27,0
DA:28,0
DA:29,0
DA:31,0
DA:33,0
DA:34,0
DA:36,0
DA:37,0
DA:38,0
DA:41,0
DA:42,0
DA:43,0
DA:45,0
DA:46,0
DA:47,0
DA:49,0
DA:51,0
DA:54,0
DA:56,0
DA:59,0
DA:66,0
DA:68,0
DA:69,0
DA:70,0
DA:71,0
DA:73,0
DA:74,0
DA:80,0
DA:81,0
DA:83,0
DA:84,0
DA:85,0
DA:87,0
DA:88,0
DA:93,0
DA:95,0
LF:43
LH:0
end_of_record
SF:lib/utilities/widgets/toggle.dart
DA:9,1
DA:10,1
DA:12,1
DA:13,1
DA:20,1
DA:22,1
DA:23,3
DA:26,1
DA:28,1
DA:31,0
DA:32,0
DA:33,0
DA:35,0
DA:37,0
DA:38,0
DA:40,1
DA:44,1
DA:45,3
DA:46,1
DA:47,1
DA:48,3
DA:54,1
DA:55,1
DA:57,2
DA:60,1
DA:64,1
DA:65,3
DA:67,1
DA:68,2
DA:72,3
LF:30
LH:24
end_of_record
